<?xml version="1.0" encoding="UTF-8"?>
<!-- Generated by org.testng.reporters.JUnitReportReporter -->
<testsuite skipped="0" hostname="CBT-MH-000" name="TestPackage.Twitter" tests="1" failures="0" timestamp="16 Oct 2019 07:16:41 GMT" time="5.283" errors="0">
  <testcase name="getTweet" time="5.283" classname="TestPackage.Twitter"/>
</testsuite> <!-- TestPackage.Twitter -->
